#
# There is insufficient memory for the Java Runtime Environment to continue.
# Native memory allocation (malloc) failed to allocate 513776 bytes for Chunk::new
# Possible reasons:
#   The system is out of physical RAM or swap space
#   The process is running with CompressedOops enabled, and the Java Heap may be blocking the growth of the native heap
# Possible solutions:
#   Reduce memory load on the system
#   Increase physical memory or swap space
#   Check if swap backing store is full
#   Decrease Java heap size (-Xmx/-Xms)
#   Decrease number of Java threads
#   Decrease Java thread stack sizes (-Xss)
#   Set larger code cache with -XX:ReservedCodeCacheSize=
#   JVM is running with Zero Based Compressed Oops mode in which the Java heap is
#     placed in the first 32GB address space. The Java Heap base address is the
#     maximum limit for the native heap growth. Please use -XX:HeapBaseMinAddress
#     to set the Java Heap base and to place the Java Heap above 32GB virtual address.
# This output file may be truncated or incomplete.
#
#  Out of Memory Error (arena.cpp:189), pid=21420, tid=19952
#
# JRE version: Java(TM) SE Runtime Environment (17.0.5+9) (build 17.0.5+9-LTS-191)
# Java VM: Java HotSpot(TM) 64-Bit Server VM (17.0.5+9-LTS-191, mixed mode, sharing, tiered, compressed oops, compressed class ptrs, g1 gc, windows-amd64)
# No core dump will be written. Minidumps are not enabled by default on client versions of Windows
#

---------------  S U M M A R Y ------------

Command Line: -javaagent:C:\Program Files\JetBrains\IntelliJ IDEA Community Edition 2022.3.1\lib\idea_rt.jar=59436:C:\Program Files\JetBrains\IntelliJ IDEA Community Edition 2022.3.1\bin -Dfile.encoding=UTF-8 com.myrestaurant.store.restaurantmicroservice.RestaurantMicroServiceApplication

Host: Intel(R) Core(TM) i7-6500U CPU @ 2.50GHz, 4 cores, 15G,  Windows 10 , 64 bit Build 19041 (10.0.19041.2364)
Time: Sun Jan 29 22:09:03 2023 ora solare Europa occidentale elapsed time: 2.521294 seconds (0d 0h 0m 2s)

---------------  T H R E A D  ---------------

Current thread (0x000001c3f882eab0):  JavaThread "C2 CompilerThread1" daemon [_thread_in_native, id=19952, stack(0x0000000a2e600000,0x0000000a2e700000)]


Current CompileTask:
C2:   2522 1026       4       java.lang.String::<init> (830 bytes)

Stack: [0x0000000a2e600000,0x0000000a2e700000]
Native frames: (J=compiled Java code, j=interpreted, Vv=VM code, C=native code)
V  [jvm.dll+0x672eea]
V  [jvm.dll+0x7d2a04]
V  [jvm.dll+0x7d41ae]
V  [jvm.dll+0x7d4813]
V  [jvm.dll+0x242c15]
V  [jvm.dll+0xaa57b]
V  [jvm.dll+0xaab0c]
V  [jvm.dll+0x35ff42]
V  [jvm.dll+0x32a631]
V  [jvm.dll+0x329ada]
V  [jvm.dll+0x215cc1]
V  [jvm.dll+0x2150e1]
V  [jvm.dll+0x1a18ed]
V  [jvm.dll+0x22493a]
V  [jvm.dll+0x222aa5]
V  [jvm.dll+0x7885db]
V  [jvm.dll+0x782b4a]
V  [jvm.dll+0x671d75]
C  [ucrtbase.dll+0x21bb2]
C  [KERNEL32.DLL+0x17614]
C  [ntdll.dll+0x526a1]


---------------  P R O C E S S  ---------------

Threads class SMR info:
_java_thread_list=0x000001c3f98835e0, length=15, elements={
0x000001c3d30106b0, 0x000001c3f73815a0, 0x000001c3f7382410, 0x000001c3f7396d00,
0x000001c3f73986c0, 0x000001c3f7399070, 0x000001c3f7399a20, 0x000001c3f739a7b0,
0x000001c3f7d72c70, 0x000001c3f73ad970, 0x000001c3f7f42060, 0x000001c3f7ff8c80,
0x000001c3f870a4f0, 0x000001c3f882eab0, 0x000001c3f9a966c0
}

Java Threads: ( => current thread )
  0x000001c3d30106b0 JavaThread "main" [_thread_blocked, id=20660, stack(0x0000000a2cf00000,0x0000000a2d000000)]
  0x000001c3f73815a0 JavaThread "Reference Handler" daemon [_thread_blocked, id=20984, stack(0x0000000a2d600000,0x0000000a2d700000)]
  0x000001c3f7382410 JavaThread "Finalizer" daemon [_thread_blocked, id=4168, stack(0x0000000a2d700000,0x0000000a2d800000)]
  0x000001c3f7396d00 JavaThread "Signal Dispatcher" daemon [_thread_blocked, id=12424, stack(0x0000000a2d800000,0x0000000a2d900000)]
  0x000001c3f73986c0 JavaThread "Attach Listener" daemon [_thread_blocked, id=22380, stack(0x0000000a2d900000,0x0000000a2da00000)]
  0x000001c3f7399070 JavaThread "Service Thread" daemon [_thread_blocked, id=2476, stack(0x0000000a2da00000,0x0000000a2db00000)]
  0x000001c3f7399a20 JavaThread "Monitor Deflation Thread" daemon [_thread_blocked, id=3400, stack(0x0000000a2db00000,0x0000000a2dc00000)]
  0x000001c3f739a7b0 JavaThread "C2 CompilerThread0" daemon [_thread_in_native, id=21868, stack(0x0000000a2dc00000,0x0000000a2dd00000)]
  0x000001c3f7d72c70 JavaThread "C1 CompilerThread0" daemon [_thread_in_native, id=20608, stack(0x0000000a2dd00000,0x0000000a2de00000)]
  0x000001c3f73ad970 JavaThread "Sweeper thread" daemon [_thread_blocked, id=5372, stack(0x0000000a2de00000,0x0000000a2df00000)]
  0x000001c3f7f42060 JavaThread "Common-Cleaner" daemon [_thread_blocked, id=20708, stack(0x0000000a2df00000,0x0000000a2e000000)]
  0x000001c3f7ff8c80 JavaThread "Monitor Ctrl-Break" daemon [_thread_in_native, id=2028, stack(0x0000000a2e000000,0x0000000a2e100000)]
  0x000001c3f870a4f0 JavaThread "Notification Thread" daemon [_thread_blocked, id=20744, stack(0x0000000a2e100000,0x0000000a2e200000)]
=>0x000001c3f882eab0 JavaThread "C2 CompilerThread1" daemon [_thread_in_native, id=19952, stack(0x0000000a2e600000,0x0000000a2e700000)]
  0x000001c3f9a966c0 JavaThread "Thread-0" [_thread_in_vm, id=7692, stack(0x0000000a2e700000,0x0000000a2e800000)]

Other Threads:
  0x000001c3f737bce0 VMThread "VM Thread" [stack: 0x0000000a2d500000,0x0000000a2d600000] [id=20624]
  0x000001c3f7386d10 WatcherThread [stack: 0x0000000a2e200000,0x0000000a2e300000] [id=15420]
  0x000001c3d307b510 GCTaskThread "GC Thread#0" [stack: 0x0000000a2d000000,0x0000000a2d100000] [id=7328]
  0x000001c3f870ae40 GCTaskThread "GC Thread#1" [stack: 0x0000000a2e300000,0x0000000a2e400000] [id=3028]
  0x000001c3f862ea90 GCTaskThread "GC Thread#2" [stack: 0x0000000a2e400000,0x0000000a2e500000] [id=20432]
  0x000001c3d3011660 GCTaskThread "GC Thread#3" [stack: 0x0000000a2e500000,0x0000000a2e600000] [id=2084]
  0x000001c3d308c1d0 ConcurrentGCThread "G1 Main Marker" [stack: 0x0000000a2d100000,0x0000000a2d200000] [id=944]
  0x000001c3d308dbf0 ConcurrentGCThread "G1 Conc#0" [stack: 0x0000000a2d200000,0x0000000a2d300000] [id=19608]
  0x000001c3d30ce900 ConcurrentGCThread "G1 Refine#0" [stack: 0x0000000a2d300000,0x0000000a2d400000] [id=2964]
  0x000001c3f7238840 ConcurrentGCThread "G1 Service" [stack: 0x0000000a2d400000,0x0000000a2d500000] [id=19760]

Threads with active compile tasks:
C2 CompilerThread0     2578 1027   !   4       java.util.jar.Attributes::read (494 bytes)
C1 CompilerThread0     2578 1084   !   3       jdk.internal.loader.Resource::getBytes (244 bytes)
C2 CompilerThread1     2578 1026       4       java.lang.String::<init> (830 bytes)

VM state: not at safepoint (normal execution)

VM Mutex/Monitor currently owned by a thread: None

Heap address: 0x0000000702800000, size: 4056 MB, Compressed Oops mode: Zero based, Oop shift amount: 3

CDS archive(s) mapped at: [0x0000000800000000-0x0000000800bd0000-0x0000000800bd0000), size 12386304, SharedBaseAddress: 0x0000000800000000, ArchiveRelocationMode: 0.
Compressed class space mapped at: 0x0000000800c00000-0x0000000840c00000, reserved size: 1073741824
Narrow klass base: 0x0000000800000000, Narrow klass shift: 0, Narrow klass range: 0x100000000

GC Precious Log:
 CPUs: 4 total, 4 available
 Memory: 16217M
 Large Page Support: Disabled
 NUMA Support: Disabled
 Compressed Oops: Enabled (Zero based)
 Heap Region Size: 2M
 Heap Min Capacity: 8M
 Heap Initial Capacity: 254M
 Heap Max Capacity: 4056M
 Pre-touch: Disabled
 Parallel Workers: 4
 Concurrent Workers: 1
 Concurrent Refinement Workers: 4
 Periodic GC: Disabled

Heap:
 garbage-first heap   total 260096K, used 17313K [0x0000000702800000, 0x0000000800000000)
  region size 2048K, 7 young (14336K), 1 survivors (2048K)
 Metaspace       used 4861K, committed 4992K, reserved 1056768K
  class space    used 514K, committed 576K, reserved 1048576K

Heap Regions: E=young(eden), S=young(survivor), O=old, HS=humongous(starts), HC=humongous(continues), CS=collection set, F=free, OA=open archive, CA=closed archive, TAMS=top-at-mark-start (previous, next)
|   0|0x0000000702800000, 0x0000000702a00000, 0x0000000702a00000|100%| O|  |TAMS 0x0000000702800000, 0x0000000702800000| Untracked 
|   1|0x0000000702a00000, 0x0000000702c00000, 0x0000000702c00000|100%| O|  |TAMS 0x0000000702a00000, 0x0000000702a00000| Untracked 
|   2|0x0000000702c00000, 0x0000000702e00000, 0x0000000702e00000|100%| O|  |TAMS 0x0000000702c00000, 0x0000000702c00000| Untracked 
|   3|0x0000000702e00000, 0x0000000702f50400, 0x0000000703000000| 65%| O|  |TAMS 0x0000000702e00000, 0x0000000702e00000| Untracked 
|   4|0x0000000703000000, 0x0000000703000000, 0x0000000703200000|  0%| F|  |TAMS 0x0000000703000000, 0x0000000703000000| Untracked 
|   5|0x0000000703200000, 0x0000000703200000, 0x0000000703400000|  0%| F|  |TAMS 0x0000000703200000, 0x0000000703200000| Untracked 
|   6|0x0000000703400000, 0x0000000703400000, 0x0000000703600000|  0%| F|  |TAMS 0x0000000703400000, 0x0000000703400000| Untracked 
|   7|0x0000000703600000, 0x0000000703600000, 0x0000000703800000|  0%| F|  |TAMS 0x0000000703600000, 0x0000000703600000| Untracked 
|   8|0x0000000703800000, 0x0000000703800000, 0x0000000703a00000|  0%| F|  |TAMS 0x0000000703800000, 0x0000000703800000| Untracked 
|   9|0x0000000703a00000, 0x0000000703a00000, 0x0000000703c00000|  0%| F|  |TAMS 0x0000000703a00000, 0x0000000703a00000| Untracked 
|  10|0x0000000703c00000, 0x0000000703c00000, 0x0000000703e00000|  0%| F|  |TAMS 0x0000000703c00000, 0x0000000703c00000| Untracked 
|  11|0x0000000703e00000, 0x0000000703e00000, 0x0000000704000000|  0%| F|  |TAMS 0x0000000703e00000, 0x0000000703e00000| Untracked 
|  12|0x0000000704000000, 0x0000000704000000, 0x0000000704200000|  0%| F|  |TAMS 0x0000000704000000, 0x0000000704000000| Untracked 
|  13|0x0000000704200000, 0x0000000704200000, 0x0000000704400000|  0%| F|  |TAMS 0x0000000704200000, 0x0000000704200000| Untracked 
|  14|0x0000000704400000, 0x0000000704400000, 0x0000000704600000|  0%| F|  |TAMS 0x0000000704400000, 0x0000000704400000| Untracked 
|  15|0x0000000704600000, 0x0000000704600000, 0x0000000704800000|  0%| F|  |TAMS 0x0000000704600000, 0x0000000704600000| Untracked 
|  16|0x0000000704800000, 0x0000000704800000, 0x0000000704a00000|  0%| F|  |TAMS 0x0000000704800000, 0x0000000704800000| Untracked 
|  17|0x0000000704a00000, 0x0000000704a00000, 0x0000000704c00000|  0%| F|  |TAMS 0x0000000704a00000, 0x0000000704a00000| Untracked 
|  18|0x0000000704c00000, 0x0000000704c00000, 0x0000000704e00000|  0%| F|  |TAMS 0x0000000704c00000, 0x0000000704c00000| Untracked 
|  19|0x0000000704e00000, 0x0000000704e00000, 0x0000000705000000|  0%| F|  |TAMS 0x0000000704e00000, 0x0000000704e00000| Untracked 
|  20|0x0000000705000000, 0x0000000705000000, 0x0000000705200000|  0%| F|  |TAMS 0x0000000705000000, 0x0000000705000000| Untracked 
|  21|0x0000000705200000, 0x0000000705200000, 0x0000000705400000|  0%| F|  |TAMS 0x0000000705200000, 0x0000000705200000| Untracked 
|  22|0x0000000705400000, 0x0000000705400000, 0x0000000705600000|  0%| F|  |TAMS 0x0000000705400000, 0x0000000705400000| Untracked 
|  23|0x0000000705600000, 0x0000000705600000, 0x0000000705800000|  0%| F|  |TAMS 0x0000000705600000, 0x0000000705600000| Untracked 
|  24|0x0000000705800000, 0x0000000705800000, 0x0000000705a00000|  0%| F|  |TAMS 0x0000000705800000, 0x0000000705800000| Untracked 
|  25|0x0000000705a00000, 0x0000000705a00000, 0x0000000705c00000|  0%| F|  |TAMS 0x0000000705a00000, 0x0000000705a00000| Untracked 
|  26|0x0000000705c00000, 0x0000000705c00000, 0x0000000705e00000|  0%| F|  |TAMS 0x0000000705c00000, 0x0000000705c00000| Untracked 
|  27|0x0000000705e00000, 0x0000000705e00000, 0x0000000706000000|  0%| F|  |TAMS 0x0000000705e00000, 0x0000000705e00000| Untracked 
|  28|0x0000000706000000, 0x0000000706000000, 0x0000000706200000|  0%| F|  |TAMS 0x0000000706000000, 0x0000000706000000| Untracked 
|  29|0x0000000706200000, 0x0000000706200000, 0x0000000706400000|  0%| F|  |TAMS 0x0000000706200000, 0x0000000706200000| Untracked 
|  30|0x0000000706400000, 0x0000000706400000, 0x0000000706600000|  0%| F|  |TAMS 0x0000000706400000, 0x0000000706400000| Untracked 
|  31|0x0000000706600000, 0x0000000706600000, 0x0000000706800000|  0%| F|  |TAMS 0x0000000706600000, 0x0000000706600000| Untracked 
|  32|0x0000000706800000, 0x0000000706800000, 0x0000000706a00000|  0%| F|  |TAMS 0x0000000706800000, 0x0000000706800000| Untracked 
|  33|0x0000000706a00000, 0x0000000706a00000, 0x0000000706c00000|  0%| F|  |TAMS 0x0000000706a00000, 0x0000000706a00000| Untracked 
|  34|0x0000000706c00000, 0x0000000706c00000, 0x0000000706e00000|  0%| F|  |TAMS 0x0000000706c00000, 0x0000000706c00000| Untracked 
|  35|0x0000000706e00000, 0x0000000706e00000, 0x0000000707000000|  0%| F|  |TAMS 0x0000000706e00000, 0x0000000706e00000| Untracked 
|  36|0x0000000707000000, 0x0000000707000000, 0x0000000707200000|  0%| F|  |TAMS 0x0000000707000000, 0x0000000707000000| Untracked 
|  37|0x0000000707200000, 0x0000000707200000, 0x0000000707400000|  0%| F|  |TAMS 0x0000000707200000, 0x0000000707200000| Untracked 
|  38|0x0000000707400000, 0x0000000707400000, 0x0000000707600000|  0%| F|  |TAMS 0x0000000707400000, 0x0000000707400000| Untracked 
|  39|0x0000000707600000, 0x0000000707600000, 0x0000000707800000|  0%| F|  |TAMS 0x0000000707600000, 0x0000000707600000| Untracked 
|  40|0x0000000707800000, 0x0000000707800000, 0x0000000707a00000|  0%| F|  |TAMS 0x0000000707800000, 0x0000000707800000| Untracked 
|  41|0x0000000707a00000, 0x0000000707a00000, 0x0000000707c00000|  0%| F|  |TAMS 0x0000000707a00000, 0x0000000707a00000| Untracked 
|  42|0x0000000707c00000, 0x0000000707c00000, 0x0000000707e00000|  0%| F|  |TAMS 0x0000000707c00000, 0x0000000707c00000| Untracked 
|  43|0x0000000707e00000, 0x0000000707e00000, 0x0000000708000000|  0%| F|  |TAMS 0x0000000707e00000, 0x0000000707e00000| Untracked 
|  44|0x0000000708000000, 0x0000000708000000, 0x0000000708200000|  0%| F|  |TAMS 0x0000000708000000, 0x0000000708000000| Untracked 
|  45|0x0000000708200000, 0x0000000708200000, 0x0000000708400000|  0%| F|  |TAMS 0x0000000708200000, 0x0000000708200000| Untracked 
|  46|0x0000000708400000, 0x0000000708400000, 0x0000000708600000|  0%| F|  |TAMS 0x0000000708400000, 0x0000000708400000| Untracked 
|  47|0x0000000708600000, 0x0000000708600000, 0x0000000708800000|  0%| F|  |TAMS 0x0000000708600000, 0x0000000708600000| Untracked 
|  48|0x0000000708800000, 0x0000000708800000, 0x0000000708a00000|  0%| F|  |TAMS 0x0000000708800000, 0x0000000708800000| Untracked 
|  49|0x0000000708a00000, 0x0000000708a00000, 0x0000000708c00000|  0%| F|  |TAMS 0x0000000708a00000, 0x0000000708a00000| Untracked 
|  50|0x0000000708c00000, 0x0000000708c00000, 0x0000000708e00000|  0%| F|  |TAMS 0x0000000708c00000, 0x0000000708c00000| Untracked 
|  51|0x0000000708e00000, 0x0000000708e00000, 0x0000000709000000|  0%| F|  |TAMS 0x0000000708e00000, 0x0000000708e00000| Untracked 
|  52|0x0000000709000000, 0x0000000709000000, 0x0000000709200000|  0%| F|  |TAMS 0x0000000709000000, 0x0000000709000000| Untracked 
|  53|0x0000000709200000, 0x0000000709200000, 0x0000000709400000|  0%| F|  |TAMS 0x0000000709200000, 0x0000000709200000| Untracked 
|  54|0x0000000709400000, 0x0000000709400000, 0x0000000709600000|  0%| F|  |TAMS 0x0000000709400000, 0x0000000709400000| Untracked 
|  55|0x0000000709600000, 0x0000000709600000, 0x0000000709800000|  0%| F|  |TAMS 0x0000000709600000, 0x0000000709600000| Untracked 
|  56|0x0000000709800000, 0x0000000709800000, 0x0000000709a00000|  0%| F|  |TAMS 0x0000000709800000, 0x0000000709800000| Untracked 
|  57|0x0000000709a00000, 0x0000000709a00000, 0x0000000709c00000|  0%| F|  |TAMS 0x0000000709a00000, 0x0000000709a00000| Untracked 
|  58|0x0000000709c00000, 0x0000000709c00000, 0x0000000709e00000|  0%| F|  |TAMS 0x0000000709c00000, 0x0000000709c00000| Untracked 
|  59|0x0000000709e00000, 0x0000000709e00000, 0x000000070a000000|  0%| F|  |TAMS 0x0000000709e00000, 0x0000000709e00000| Untracked 
|  60|0x000000070a000000, 0x000000070a000000, 0x000000070a200000|  0%| F|  |TAMS 0x000000070a000000, 0x000000070a000000| Untracked 
|  61|0x000000070a200000, 0x000000070a200000, 0x000000070a400000|  0%| F|  |TAMS 0x000000070a200000, 0x000000070a200000| Untracked 
|  62|0x000000070a400000, 0x000000070a400000, 0x000000070a600000|  0%| F|  |TAMS 0x000000070a400000, 0x000000070a400000| Untracked 
|  63|0x000000070a600000, 0x000000070a600000, 0x000000070a800000|  0%| F|  |TAMS 0x000000070a600000, 0x000000070a600000| Untracked 
|  64|0x000000070a800000, 0x000000070a800000, 0x000000070aa00000|  0%| F|  |TAMS 0x000000070a800000, 0x000000070a800000| Untracked 
|  65|0x000000070aa00000, 0x000000070aa00000, 0x000000070ac00000|  0%| F|  |TAMS 0x000000070aa00000, 0x000000070aa00000| Untracked 
|  66|0x000000070ac00000, 0x000000070ac00000, 0x000000070ae00000|  0%| F|  |TAMS 0x000000070ac00000, 0x000000070ac00000| Untracked 
|  67|0x000000070ae00000, 0x000000070ae00000, 0x000000070b000000|  0%| F|  |TAMS 0x000000070ae00000, 0x000000070ae00000| Untracked 
|  68|0x000000070b000000, 0x000000070b000000, 0x000000070b200000|  0%| F|  |TAMS 0x000000070b000000, 0x000000070b000000| Untracked 
|  69|0x000000070b200000, 0x000000070b200000, 0x000000070b400000|  0%| F|  |TAMS 0x000000070b200000, 0x000000070b200000| Untracked 
|  70|0x000000070b400000, 0x000000070b400000, 0x000000070b600000|  0%| F|  |TAMS 0x000000070b400000, 0x000000070b400000| Untracked 
|  71|0x000000070b600000, 0x000000070b600000, 0x000000070b800000|  0%| F|  |TAMS 0x000000070b600000, 0x000000070b600000| Untracked 
|  72|0x000000070b800000, 0x000000070b800000, 0x000000070ba00000|  0%| F|  |TAMS 0x000000070b800000, 0x000000070b800000| Untracked 
|  73|0x000000070ba00000, 0x000000070ba00000, 0x000000070bc00000|  0%| F|  |TAMS 0x000000070ba00000, 0x000000070ba00000| Untracked 
|  74|0x000000070bc00000, 0x000000070bc00000, 0x000000070be00000|  0%| F|  |TAMS 0x000000070bc00000, 0x000000070bc00000| Untracked 
|  75|0x000000070be00000, 0x000000070be00000, 0x000000070c000000|  0%| F|  |TAMS 0x000000070be00000, 0x000000070be00000| Untracked 
|  76|0x000000070c000000, 0x000000070c000000, 0x000000070c200000|  0%| F|  |TAMS 0x000000070c000000, 0x000000070c000000| Untracked 
|  77|0x000000070c200000, 0x000000070c200000, 0x000000070c400000|  0%| F|  |TAMS 0x000000070c200000, 0x000000070c200000| Untracked 
|  78|0x000000070c400000, 0x000000070c400000, 0x000000070c600000|  0%| F|  |TAMS 0x000000070c400000, 0x000000070c400000| Untracked 
|  79|0x000000070c600000, 0x000000070c600000, 0x000000070c800000|  0%| F|  |TAMS 0x000000070c600000, 0x000000070c600000| Untracked 
|  80|0x000000070c800000, 0x000000070c800000, 0x000000070ca00000|  0%| F|  |TAMS 0x000000070c800000, 0x000000070c800000| Untracked 
|  81|0x000000070ca00000, 0x000000070ca00000, 0x000000070cc00000|  0%| F|  |TAMS 0x000000070ca00000, 0x000000070ca00000| Untracked 
|  82|0x000000070cc00000, 0x000000070cc00000, 0x000000070ce00000|  0%| F|  |TAMS 0x000000070cc00000, 0x000000070cc00000| Untracked 
|  83|0x000000070ce00000, 0x000000070ce00000, 0x000000070d000000|  0%| F|  |TAMS 0x000000070ce00000, 0x000000070ce00000| Untracked 
|  84|0x000000070d000000, 0x000000070d000000, 0x000000070d200000|  0%| F|  |TAMS 0x000000070d000000, 0x000000070d000000| Untracked 
|  85|0x000000070d200000, 0x000000070d200000, 0x000000070d400000|  0%| F|  |TAMS 0x000000070d200000, 0x000000070d200000| Untracked 
|  86|0x000000070d400000, 0x000000070d400000, 0x000000070d600000|  0%| F|  |TAMS 0x000000070d400000, 0x000000070d400000| Untracked 
|  87|0x000000070d600000, 0x000000070d600000, 0x000000070d800000|  0%| F|  |TAMS 0x000000070d600000, 0x000000070d600000| Untracked 
|  88|0x000000070d800000, 0x000000070d800000, 0x000000070da00000|  0%| F|  |TAMS 0x000000070d800000, 0x000000070d800000| Untracked 
|  89|0x000000070da00000, 0x000000070da00000, 0x000000070dc00000|  0%| F|  |TAMS 0x000000070da00000, 0x000000070da00000| Untracked 
|  90|0x000000070dc00000, 0x000000070dc00000, 0x000000070de00000|  0%| F|  |TAMS 0x000000070dc00000, 0x000000070dc00000| Untracked 
|  91|0x000000070de00000, 0x000000070de00000, 0x000000070e000000|  0%| F|  |TAMS 0x000000070de00000, 0x000000070de00000| Untracked 
|  92|0x000000070e000000, 0x000000070e000000, 0x000000070e200000|  0%| F|  |TAMS 0x000000070e000000, 0x000000070e000000| Untracked 
|  93|0x000000070e200000, 0x000000070e200000, 0x000000070e400000|  0%| F|  |TAMS 0x000000070e200000, 0x000000070e200000| Untracked 
|  94|0x000000070e400000, 0x000000070e400000, 0x000000070e600000|  0%| F|  |TAMS 0x000000070e400000, 0x000000070e400000| Untracked 
|  95|0x000000070e600000, 0x000000070e600000, 0x000000070e800000|  0%| F|  |TAMS 0x000000070e600000, 0x000000070e600000| Untracked 
|  96|0x000000070e800000, 0x000000070e800000, 0x000000070ea00000|  0%| F|  |TAMS 0x000000070e800000, 0x000000070e800000| Untracked 
|  97|0x000000070ea00000, 0x000000070ea00000, 0x000000070ec00000|  0%| F|  |TAMS 0x000000070ea00000, 0x000000070ea00000| Untracked 
|  98|0x000000070ec00000, 0x000000070ec00000, 0x000000070ee00000|  0%| F|  |TAMS 0x000000070ec00000, 0x000000070ec00000| Untracked 
|  99|0x000000070ee00000, 0x000000070ee00000, 0x000000070f000000|  0%| F|  |TAMS 0x000000070ee00000, 0x000000070ee00000| Untracked 
| 100|0x000000070f000000, 0x000000070f000000, 0x000000070f200000|  0%| F|  |TAMS 0x000000070f000000, 0x000000070f000000| Untracked 
| 101|0x000000070f200000, 0x000000070f200000, 0x000000070f400000|  0%| F|  |TAMS 0x000000070f200000, 0x000000070f200000| Untracked 
| 102|0x000000070f400000, 0x000000070f400000, 0x000000070f600000|  0%| F|  |TAMS 0x000000070f400000, 0x000000070f400000| Untracked 
| 103|0x000000070f600000, 0x000000070f600000, 0x000000070f800000|  0%| F|  |TAMS 0x000000070f600000, 0x000000070f600000| Untracked 
| 104|0x000000070f800000, 0x000000070f800000, 0x000000070fa00000|  0%| F|  |TAMS 0x000000070f800000, 0x000000070f800000| Untracked 
| 105|0x000000070fa00000, 0x000000070fa00000, 0x000000070fc00000|  0%| F|  |TAMS 0x000000070fa00000, 0x000000070fa00000| Untracked 
| 106|0x000000070fc00000, 0x000000070fc00000, 0x000000070fe00000|  0%| F|  |TAMS 0x000000070fc00000, 0x000000070fc00000| Untracked 
| 107|0x000000070fe00000, 0x000000070fe00000, 0x0000000710000000|  0%| F|  |TAMS 0x000000070fe00000, 0x000000070fe00000| Untracked 
| 108|0x0000000710000000, 0x0000000710000000, 0x0000000710200000|  0%| F|  |TAMS 0x0000000710000000, 0x0000000710000000| Untracked 
| 109|0x0000000710200000, 0x0000000710200000, 0x0000000710400000|  0%| F|  |TAMS 0x0000000710200000, 0x0000000710200000| Untracked 
| 110|0x0000000710400000, 0x0000000710400000, 0x0000000710600000|  0%| F|  |TAMS 0x0000000710400000, 0x0000000710400000| Untracked 
| 111|0x0000000710600000, 0x0000000710600000, 0x0000000710800000|  0%| F|  |TAMS 0x0000000710600000, 0x0000000710600000| Untracked 
| 112|0x0000000710800000, 0x0000000710800000, 0x0000000710a00000|  0%| F|  |TAMS 0x0000000710800000, 0x0000000710800000| Untracked 
| 113|0x0000000710a00000, 0x0000000710a00000, 0x0000000710c00000|  0%| F|  |TAMS 0x0000000710a00000, 0x0000000710a00000| Untracked 
| 114|0x0000000710c00000, 0x0000000710c00000, 0x0000000710e00000|  0%| F|  |TAMS 0x0000000710c00000, 0x0000000710c00000| Untracked 
| 115|0x0000000710e00000, 0x0000000710e00000, 0x0000000711000000|  0%| F|  |TAMS 0x0000000710e00000, 0x0000000710e00000| Untracked 
| 116|0x0000000711000000, 0x0000000711000000, 0x0000000711200000|  0%| F|  |TAMS 0x0000000711000000, 0x0000000711000000| Untracked 
| 117|0x0000000711200000, 0x0000000711200000, 0x0000000711400000|  0%| F|  |TAMS 0x0000000711200000, 0x0000000711200000| Untracked 
| 118|0x0000000711400000, 0x0000000711400000, 0x0000000711600000|  0%| F|  |TAMS 0x0000000711400000, 0x0000000711400000| Untracked 
| 119|0x0000000711600000, 0x0000000711600000, 0x0000000711800000|  0%| F|  |TAMS 0x0000000711600000, 0x0000000711600000| Untracked 
| 120|0x0000000711800000, 0x0000000711973830, 0x0000000711a00000| 72%| E|  |TAMS 0x0000000711800000, 0x0000000711800000| Complete 
| 121|0x0000000711a00000, 0x0000000711b98148, 0x0000000711c00000| 79%| S|CS|TAMS 0x0000000711a00000, 0x0000000711a00000| Complete 
| 122|0x0000000711c00000, 0x0000000711e00000, 0x0000000711e00000|100%| E|CS|TAMS 0x0000000711c00000, 0x0000000711c00000| Complete 
| 123|0x0000000711e00000, 0x0000000712000000, 0x0000000712000000|100%| E|CS|TAMS 0x0000000711e00000, 0x0000000711e00000| Complete 
| 124|0x0000000712000000, 0x0000000712200000, 0x0000000712200000|100%| E|  |TAMS 0x0000000712000000, 0x0000000712000000| Complete 
| 125|0x0000000712200000, 0x0000000712400000, 0x0000000712400000|100%| E|CS|TAMS 0x0000000712200000, 0x0000000712200000| Complete 
| 126|0x0000000712400000, 0x0000000712600000, 0x0000000712600000|100%| E|CS|TAMS 0x0000000712400000, 0x0000000712400000| Complete 

Card table byte_map: [0x000001c3ebe80000,0x000001c3ec670000] _byte_map_base: 0x000001c3e866c000

Marking Bits (Prev, Next): (CMBitMap*) 0x000001c3d307bb20, (CMBitMap*) 0x000001c3d307bb60
 Prev Bits: [0x000001c3ece60000, 0x000001c3f0dc0000)
 Next Bits: [0x000001c3f0dc0000, 0x000001c3f4d20000)

Polling page: 0x000001c3d30d0000

Metaspace:

Usage:
  Non-class:      4.28 MB used.
      Class:    519.86 KB used.
       Both:      4.78 MB used.

Virtual space:
  Non-class space:        8.00 MB reserved,       4.31 MB ( 54%) committed,  1 nodes.
      Class space:        1.00 GB reserved,     576.00 KB ( <1%) committed,  1 nodes.
             Both:        1.01 GB reserved,       4.88 MB ( <1%) committed. 

Chunk freelists:
   Non-Class:  2.12 MB
       Class:  3.47 MB
        Both:  5.59 MB

MaxMetaspaceSize: unlimited
CompressedClassSpaceSize: 1.00 GB
Initial GC threshold: 21.00 MB
Current GC threshold: 21.00 MB
CDS: on
MetaspaceReclaimPolicy: balanced
 - commit_granule_bytes: 65536.
 - commit_granule_words: 8192.
 - virtual_space_node_default_size: 1048576.
 - enlarge_chunks_in_place: 1.
 - new_chunks_are_fully_committed: 0.
 - uncommit_free_chunks: 1.
 - use_allocation_guard: 0.
 - handle_deallocations: 1.


Internal statistics:

num_allocs_failed_limit: 0.
num_arena_births: 34.
num_arena_deaths: 0.
num_vsnodes_births: 2.
num_vsnodes_deaths: 0.
num_space_committed: 78.
num_space_uncommitted: 0.
num_chunks_returned_to_freelist: 0.
num_chunks_taken_from_freelist: 156.
num_chunk_merges: 0.
num_chunk_splits: 92.
num_chunks_enlarged: 69.
num_purges: 0.
num_inconsistent_stats: 0.

CodeHeap 'non-profiled nmethods': size=120000Kb used=471Kb max_used=471Kb free=119528Kb
 bounds [0x000001c3e3b40000, 0x000001c3e3db0000, 0x000001c3eb070000]
CodeHeap 'profiled nmethods': size=120000Kb used=2257Kb max_used=2257Kb free=117742Kb
 bounds [0x000001c3dc610000, 0x000001c3dc880000, 0x000001c3e3b40000]
CodeHeap 'non-nmethods': size=5760Kb used=1143Kb max_used=1199Kb free=4616Kb
 bounds [0x000001c3dc070000, 0x000001c3dc2e0000, 0x000001c3dc610000]
 total_blobs=1512 nmethods=1081 adapters=344
 compilation: enabled
              stopped_count=0, restarted_count=0
 full_count=0

Compilation events (20 events):
Event: 2.437 Thread 0x000001c3f7d72c70 1023       3       java.util.jar.Manifest::parseName (84 bytes)
Event: 2.438 Thread 0x000001c3f7d72c70 nmethod 1023 0x000001c3dc81cf10 code [0x000001c3dc81d120, 0x000001c3dc81d8e8]
Event: 2.440 Thread 0x000001c3f882eab0 nmethod 1015 0x000001c3e3bae410 code [0x000001c3e3bae5c0, 0x000001c3e3baeba8]
Event: 2.441 Thread 0x000001c3f882eab0 1026       4       java.lang.String::<init> (830 bytes)
Event: 2.452 Thread 0x000001c3f7d72c70 1028  s    3       java.io.ByteArrayInputStream::read (73 bytes)
Event: 2.453 Thread 0x000001c3f7d72c70 nmethod 1028 0x000001c3dc81db10 code [0x000001c3dc81dd00, 0x000001c3dc81e2f8]
Event: 2.453 Thread 0x000001c3f7d72c70 1029       3       java.util.jar.Manifest::read (415 bytes)
Event: 2.457 Thread 0x000001c3f7d72c70 nmethod 1029 0x000001c3dc81e490 code [0x000001c3dc81e9a0, 0x000001c3dc821178]
Event: 2.457 Thread 0x000001c3f7d72c70 1030       3       java.util.jar.Manifest$FastInputStream::readLine (296 bytes)
Event: 2.458 Thread 0x000001c3f7d72c70 nmethod 1030 0x000001c3dc822190 code [0x000001c3dc8223c0, 0x000001c3dc822cc8]
Event: 2.465 Thread 0x000001c3f7d72c70 1032       3       java.util.jar.Manifest$FastInputStream::readLine (9 bytes)
Event: 2.466 Thread 0x000001c3f7d72c70 nmethod 1032 0x000001c3dc823010 code [0x000001c3dc8231c0, 0x000001c3dc823308]
Event: 2.472 Thread 0x000001c3f7d72c70 1033       3       java.lang.StringLatin1::compareToCI (108 bytes)
Event: 2.473 Thread 0x000001c3f7d72c70 nmethod 1033 0x000001c3dc823410 code [0x000001c3dc823660, 0x000001c3dc823f58]
Event: 2.477 Thread 0x000001c3f7d72c70 1034       2       java.io.ByteArrayOutputStream::<init> (7 bytes)
Event: 2.477 Thread 0x000001c3f7d72c70 nmethod 1034 0x000001c3dc824390 code [0x000001c3dc824520, 0x000001c3dc824648]
Event: 2.483 Thread 0x000001c3f7d72c70 1037       1       sun.nio.fs.WindowsFileAttributes::fileKey (2 bytes)
Event: 2.483 Thread 0x000001c3f7d72c70 nmethod 1037 0x000001c3e3baee90 code [0x000001c3e3baf020, 0x000001c3e3baf0f8]
Event: 2.483 Thread 0x000001c3f7d72c70 1038       3       java.util.zip.Inflater::<init> (28 bytes)
Event: 2.484 Thread 0x000001c3f7d72c70 nmethod 1038 0x000001c3dc824710 code [0x000001c3dc824900, 0x000001c3dc824df8]

GC Heap History (4 events):
Event: 1.141 GC heap before
{Heap before GC invocations=0 (full 0):
 garbage-first heap   total 260096K, used 10240K [0x0000000702800000, 0x0000000800000000)
  region size 2048K, 6 young (12288K), 0 survivors (0K)
 Metaspace       used 643K, committed 832K, reserved 1056768K
  class space    used 24K, committed 128K, reserved 1048576K
}
Event: 1.154 GC heap after
{Heap after GC invocations=1 (full 0):
 garbage-first heap   total 260096K, used 7500K [0x0000000702800000, 0x0000000800000000)
  region size 2048K, 1 young (2048K), 1 survivors (2048K)
 Metaspace       used 643K, committed 832K, reserved 1056768K
  class space    used 24K, committed 128K, reserved 1048576K
}
Event: 2.238 GC heap before
{Heap before GC invocations=1 (full 0):
 garbage-first heap   total 260096K, used 17740K [0x0000000702800000, 0x0000000800000000)
  region size 2048K, 6 young (12288K), 1 survivors (2048K)
 Metaspace       used 4088K, committed 4160K, reserved 1056768K
  class space    used 422K, committed 448K, reserved 1048576K
}
Event: 2.242 GC heap after
{Heap after GC invocations=2 (full 0):
 garbage-first heap   total 260096K, used 9121K [0x0000000702800000, 0x0000000800000000)
  region size 2048K, 1 young (2048K), 1 survivors (2048K)
 Metaspace       used 4088K, committed 4160K, reserved 1056768K
  class space    used 422K, committed 448K, reserved 1048576K
}

Deoptimization events (20 events):
Event: 2.473 Thread 0x000001c3d30106b0 DEOPT PACKING pc=0x000001c3dc822b68 sp=0x0000000a2cffe5e0
Event: 2.473 Thread 0x000001c3d30106b0 DEOPT UNPACKING pc=0x000001c3dc0c2b43 sp=0x0000000a2cffda70 mode 0
Event: 2.473 Thread 0x000001c3d30106b0 DEOPT PACKING pc=0x000001c3dc822b68 sp=0x0000000a2cffe780
Event: 2.473 Thread 0x000001c3d30106b0 DEOPT UNPACKING pc=0x000001c3dc0c2b43 sp=0x0000000a2cffdc10 mode 0
Event: 2.473 Thread 0x000001c3d30106b0 DEOPT PACKING pc=0x000001c3dc822b68 sp=0x0000000a2cffe780
Event: 2.473 Thread 0x000001c3d30106b0 DEOPT UNPACKING pc=0x000001c3dc0c2b43 sp=0x0000000a2cffdc10 mode 0
Event: 2.473 Thread 0x000001c3d30106b0 DEOPT PACKING pc=0x000001c3dc822b68 sp=0x0000000a2cffe780
Event: 2.473 Thread 0x000001c3d30106b0 DEOPT UNPACKING pc=0x000001c3dc0c2b43 sp=0x0000000a2cffdc10 mode 0
Event: 2.475 Thread 0x000001c3d30106b0 DEOPT PACKING pc=0x000001c3dc822b68 sp=0x0000000a2cffe5e0
Event: 2.475 Thread 0x000001c3d30106b0 DEOPT UNPACKING pc=0x000001c3dc0c2b43 sp=0x0000000a2cffda70 mode 0
Event: 2.478 Thread 0x000001c3d30106b0 DEOPT PACKING pc=0x000001c3dc822b68 sp=0x0000000a2cffe5e0
Event: 2.478 Thread 0x000001c3d30106b0 DEOPT UNPACKING pc=0x000001c3dc0c2b43 sp=0x0000000a2cffda70 mode 0
Event: 2.481 Thread 0x000001c3d30106b0 DEOPT PACKING pc=0x000001c3dc822b68 sp=0x0000000a2cffe5e0
Event: 2.481 Thread 0x000001c3d30106b0 DEOPT UNPACKING pc=0x000001c3dc0c2b43 sp=0x0000000a2cffda70 mode 0
Event: 2.484 Thread 0x000001c3d30106b0 DEOPT PACKING pc=0x000001c3dc822b68 sp=0x0000000a2cffe5e0
Event: 2.484 Thread 0x000001c3d30106b0 DEOPT UNPACKING pc=0x000001c3dc0c2b43 sp=0x0000000a2cffda70 mode 0
Event: 2.484 Thread 0x000001c3d30106b0 DEOPT PACKING pc=0x000001c3dc822b68 sp=0x0000000a2cffe5e0
Event: 2.484 Thread 0x000001c3d30106b0 DEOPT UNPACKING pc=0x000001c3dc0c2b43 sp=0x0000000a2cffda70 mode 0
Event: 2.485 Thread 0x000001c3d30106b0 DEOPT PACKING pc=0x000001c3dc822b68 sp=0x0000000a2cffe5e0
Event: 2.485 Thread 0x000001c3d30106b0 DEOPT UNPACKING pc=0x000001c3dc0c2b43 sp=0x0000000a2cffda70 mode 0

Classes unloaded (0 events):
No events

Classes redefined (0 events):
No events

Internal exceptions (11 events):
Event: 1.155 Thread 0x000001c3f7ff8c80 Exception <a 'java/lang/NoSuchMethodError'{0x0000000712432aa0}: 'java.lang.Object java.lang.invoke.DirectMethodHandle$Holder.invokeStaticInit(java.lang.Object)'> (0x0000000712432aa0) 
thrown [s\open\src\hotspot\share\interpreter\linkResolver.cpp, line 759]
Event: 1.165 Thread 0x000001c3f7ff8c80 Exception <a 'java/lang/NoSuchMethodError'{0x00000007124407b0}: 'void java.lang.invoke.DirectMethodHandle$Holder.invokeStatic(java.lang.Object, java.lang.Object)'> (0x00000007124407b0) 
thrown [s\open\src\hotspot\share\interpreter\linkResolver.cpp, line 759]
Event: 1.499 Thread 0x000001c3d30106b0 Exception <a 'java/lang/ClassNotFoundException'{0x00000007125e9b40}: javax/smartcardio/CardPermission> (0x00000007125e9b40) 
thrown [s\open\src\hotspot\share\classfile\systemDictionary.cpp, line 256]
Event: 1.503 Thread 0x000001c3d30106b0 Exception <a 'java/io/FileNotFoundException'{0x00000007125f8098}> (0x00000007125f8098) 
thrown [s\open\src\hotspot\share\prims\jni.cpp, line 516]
Event: 1.995 Thread 0x000001c3d30106b0 Exception <a 'java/lang/NoSuchMethodError'{0x00000007121ad580}: 'java.lang.Object java.lang.invoke.DirectMethodHandle$Holder.invokeSpecialIFC(java.lang.Object, java.lang.Object, java.lang.Object, java.lang.Object)'> (0x00000007121ad580) 
thrown [s\open\src\hotspot\share\interpreter\linkResolver.cpp, line 759]
Event: 2.036 Thread 0x000001c3d30106b0 Exception <a 'java/lang/NoSuchMethodError'{0x0000000711e43c70}: 'int java.lang.invoke.DirectMethodHandle$Holder.invokeStaticInit(java.lang.Object, java.lang.Object)'> (0x0000000711e43c70) 
thrown [s\open\src\hotspot\share\interpreter\linkResolver.cpp, line 759]
Event: 2.181 Thread 0x000001c3d30106b0 Exception <a 'java/lang/NoSuchMethodError'{0x0000000711cc3038}: 'int java.lang.invoke.DirectMethodHandle$Holder.invokeStaticInit(java.lang.Object, java.lang.Object, java.lang.Object)'> (0x0000000711cc3038) 
thrown [s\open\src\hotspot\share\interpreter\linkResolver.cpp, line 759]
Event: 2.198 Thread 0x000001c3d30106b0 Exception <a 'java/lang/NoSuchMethodError'{0x0000000711d1a348}: 'java.lang.Object java.lang.invoke.DirectMethodHandle$Holder.newInvokeSpecial(java.lang.Object, java.lang.Object, java.lang.Object, java.lang.Object, java.lang.Object)'> (0x0000000711d1a348) 
thrown [s\open\src\hotspot\share\interpreter\linkResolver.cpp, line 759]
Event: 2.210 Thread 0x000001c3d30106b0 Exception <a 'java/lang/NoSuchMethodError'{0x0000000711d69230}: 'java.lang.Object java.lang.invoke.DirectMethodHandle$Holder.invokeStaticInit(java.lang.Object, java.lang.Object, java.lang.Object)'> (0x0000000711d69230) 
thrown [s\open\src\hotspot\share\interpreter\linkResolver.cpp, line 759]
Event: 2.221 Thread 0x000001c3d30106b0 Exception <a 'java/lang/NoSuchMethodError'{0x0000000711d9c250}: 'void java.lang.invoke.DirectMethodHandle$Holder.invokeStatic(java.lang.Object, java.lang.Object, java.lang.Object)'> (0x0000000711d9c250) 
thrown [s\open\src\hotspot\share\interpreter\linkResolver.cpp, line 759]
Event: 2.302 Thread 0x000001c3d30106b0 Exception <a 'java/lang/NoSuchMethodError'{0x000000071253b948}: 'int java.lang.invoke.DirectMethodHandle$Holder.invokeSpecial(java.lang.Object, java.lang.Object, java.lang.Object)'> (0x000000071253b948) 
thrown [s\open\src\hotspot\share\interpreter\linkResolver.cpp, line 759]

VM Operations (16 events):
Event: 0.509 Executing VM operation: HandshakeAllThreads
Event: 0.509 Executing VM operation: HandshakeAllThreads done
Event: 1.139 Executing VM operation: HandshakeAllThreads
Event: 1.139 Executing VM operation: HandshakeAllThreads done
Event: 1.139 Executing VM operation: Cleanup
Event: 1.139 Executing VM operation: Cleanup done
Event: 1.140 Executing VM operation: G1CollectForAllocation
Event: 1.154 Executing VM operation: G1CollectForAllocation done
Event: 1.743 Executing VM operation: HandshakeAllThreads
Event: 1.743 Executing VM operation: HandshakeAllThreads done
Event: 1.936 Executing VM operation: HandshakeAllThreads
Event: 1.936 Executing VM operation: HandshakeAllThreads done
Event: 2.048 Executing VM operation: HandshakeAllThreads
Event: 2.048 Executing VM operation: HandshakeAllThreads done
Event: 2.238 Executing VM operation: G1CollectForAllocation
Event: 2.242 Executing VM operation: G1CollectForAllocation done

Events (20 events):
Event: 2.306 loading class java/util/stream/Nodes$EmptyNode$OfInt
Event: 2.306 loading class java/util/stream/Node$OfInt
Event: 2.306 loading class java/util/stream/Node$OfPrimitive
Event: 2.306 loading class java/util/stream/Node$OfPrimitive done
Event: 2.306 loading class java/util/stream/Node$OfInt done
Event: 2.306 loading class java/util/stream/Nodes$EmptyNode$OfInt done
Event: 2.306 loading class java/util/stream/Nodes$EmptyNode$OfLong
Event: 2.306 loading class java/util/stream/Node$OfLong
Event: 2.307 loading class java/util/stream/Node$OfLong done
Event: 2.307 loading class java/util/stream/Nodes$EmptyNode$OfLong done
Event: 2.307 loading class java/util/stream/Nodes$EmptyNode$OfDouble
Event: 2.307 loading class java/util/stream/Node$OfDouble
Event: 2.307 loading class java/util/stream/Node$OfDouble done
Event: 2.307 loading class java/util/stream/Nodes$EmptyNode$OfDouble done
Event: 2.307 loading class java/util/stream/Nodes$FixedNodeBuilder
Event: 2.307 loading class java/util/stream/Node$Builder
Event: 2.307 loading class java/util/stream/Node$Builder done
Event: 2.307 loading class java/util/stream/Nodes$ArrayNode
Event: 2.307 loading class java/util/stream/Nodes$ArrayNode done
Event: 2.307 loading class java/util/stream/Nodes$FixedNodeBuilder done


Dynamic libraries:
0x00007ff720a30000 - 0x00007ff720a40000 	C:\Program Files\Java\jdk-17.0.5\bin\java.exe
0x00007ff8d1210000 - 0x00007ff8d1408000 	C:\WINDOWS\SYSTEM32\ntdll.dll
0x00007ff8d0f60000 - 0x00007ff8d101f000 	C:\WINDOWS\System32\KERNEL32.DLL
0x00007ff8ce9a0000 - 0x00007ff8cec72000 	C:\WINDOWS\System32\KERNELBASE.dll
0x00007ff8cf0c0000 - 0x00007ff8cf1c0000 	C:\WINDOWS\System32\ucrtbase.dll
0x00007ff8ca0f0000 - 0x00007ff8ca108000 	C:\Program Files\Java\jdk-17.0.5\bin\jli.dll
0x00007ff8d03c0000 - 0x00007ff8d046e000 	C:\WINDOWS\System32\ADVAPI32.dll
0x00007ff8ca0d0000 - 0x00007ff8ca0ea000 	C:\Program Files\Java\jdk-17.0.5\bin\VCRUNTIME140.dll
0x00007ff8cf310000 - 0x00007ff8cf3ae000 	C:\WINDOWS\System32\msvcrt.dll
0x00007ff8d0320000 - 0x00007ff8d03bc000 	C:\WINDOWS\System32\sechost.dll
0x00007ff8d0720000 - 0x00007ff8d0845000 	C:\WINDOWS\System32\RPCRT4.dll
0x00007ff8d1020000 - 0x00007ff8d11c1000 	C:\WINDOWS\System32\USER32.dll
0x00007ff8cefd0000 - 0x00007ff8ceff2000 	C:\WINDOWS\System32\win32u.dll
0x00007ff8d0ad0000 - 0x00007ff8d0afb000 	C:\WINDOWS\System32\GDI32.dll
0x00007ff8ceec0000 - 0x00007ff8cefcf000 	C:\WINDOWS\System32\gdi32full.dll
0x00007ff8ce900000 - 0x00007ff8ce99d000 	C:\WINDOWS\System32\msvcp_win.dll
0x00007ff8bad30000 - 0x00007ff8bafca000 	C:\WINDOWS\WinSxS\amd64_microsoft.windows.common-controls_6595b64144ccf1df_6.0.19041.1110_none_60b5254171f9507e\COMCTL32.dll
0x00007ff8c5f70000 - 0x00007ff8c5f7a000 	C:\WINDOWS\SYSTEM32\VERSION.dll
0x00007ff8cfb80000 - 0x00007ff8cfbb2000 	C:\WINDOWS\System32\IMM32.DLL
0x00007ff8ca170000 - 0x00007ff8ca17c000 	C:\Program Files\Java\jdk-17.0.5\bin\vcruntime140_1.dll
0x00007ff895400000 - 0x00007ff89548d000 	C:\Program Files\Java\jdk-17.0.5\bin\msvcp140.dll
0x00007ff83b6b0000 - 0x00007ff83c272000 	C:\Program Files\Java\jdk-17.0.5\bin\server\jvm.dll
0x00007ff8cf250000 - 0x00007ff8cf258000 	C:\WINDOWS\System32\PSAPI.DLL
0x00007ff8cce50000 - 0x00007ff8cce59000 	C:\WINDOWS\SYSTEM32\WSOCK32.dll
0x00007ff8d0a00000 - 0x00007ff8d0a6b000 	C:\WINDOWS\System32\WS2_32.dll
0x00007ff8bb190000 - 0x00007ff8bb1b7000 	C:\WINDOWS\SYSTEM32\WINMM.dll
0x00007ff8ccfb0000 - 0x00007ff8ccfc2000 	C:\WINDOWS\SYSTEM32\kernel.appcore.dll
0x00007ff8c8800000 - 0x00007ff8c880a000 	C:\Program Files\Java\jdk-17.0.5\bin\jimage.dll
0x00007ff8ccc40000 - 0x00007ff8cce24000 	C:\WINDOWS\SYSTEM32\DBGHELP.DLL
0x00007ff8b9b70000 - 0x00007ff8b9ba5000 	C:\WINDOWS\SYSTEM32\dbgcore.DLL
0x00007ff8cf1c0000 - 0x00007ff8cf242000 	C:\WINDOWS\System32\bcryptPrimitives.dll
0x00007ff8c87a0000 - 0x00007ff8c87ae000 	C:\Program Files\Java\jdk-17.0.5\bin\instrument.dll
0x00007ff8c87d0000 - 0x00007ff8c87f5000 	C:\Program Files\Java\jdk-17.0.5\bin\java.dll
0x00007ff890a60000 - 0x00007ff890b36000 	C:\Program Files\Java\jdk-17.0.5\bin\jsvml.dll
0x00007ff8cfbd0000 - 0x00007ff8d0314000 	C:\WINDOWS\System32\SHELL32.dll
0x00007ff8cc3d0000 - 0x00007ff8ccb62000 	C:\WINDOWS\SYSTEM32\windows.storage.dll
0x00007ff8cf820000 - 0x00007ff8cfb75000 	C:\WINDOWS\System32\combase.dll
0x00007ff8ce360000 - 0x00007ff8ce390000 	C:\WINDOWS\SYSTEM32\Wldp.dll
0x00007ff8d0e50000 - 0x00007ff8d0efd000 	C:\WINDOWS\System32\SHCORE.dll
0x00007ff8d0f00000 - 0x00007ff8d0f55000 	C:\WINDOWS\System32\shlwapi.dll
0x00007ff8ce840000 - 0x00007ff8ce85f000 	C:\WINDOWS\SYSTEM32\profapi.dll
0x00007ff8bb6b0000 - 0x00007ff8bb6c8000 	C:\Program Files\Java\jdk-17.0.5\bin\zip.dll
0x00007ff8c87b0000 - 0x00007ff8c87c9000 	C:\Program Files\Java\jdk-17.0.5\bin\net.dll
0x00007ff8c4db0000 - 0x00007ff8c4ebc000 	C:\WINDOWS\SYSTEM32\WINHTTP.dll
0x00007ff8ce070000 - 0x00007ff8ce0da000 	C:\WINDOWS\system32\mswsock.dll
0x00007ff8bb6d0000 - 0x00007ff8bb6e6000 	C:\Program Files\Java\jdk-17.0.5\bin\nio.dll
0x00007ff8c8630000 - 0x00007ff8c864a000 	C:\Program Files\JetBrains\IntelliJ IDEA Community Edition 2022.3.1\bin\breakgen64.dll
0x00007ff8acd60000 - 0x00007ff8acd70000 	C:\Program Files\Java\jdk-17.0.5\bin\verify.dll
0x00007ff8c8710000 - 0x00007ff8c8719000 	C:\Program Files\Java\jdk-17.0.5\bin\management.dll
0x00007ff8c8620000 - 0x00007ff8c862b000 	C:\Program Files\Java\jdk-17.0.5\bin\management_ext.dll

dbghelp: loaded successfully - version: 4.0.5 - missing functions: none
symbol engine: initialized successfully - sym options: 0x614 - pdb path: .;C:\Program Files\Java\jdk-17.0.5\bin;C:\WINDOWS\SYSTEM32;C:\WINDOWS\WinSxS\amd64_microsoft.windows.common-controls_6595b64144ccf1df_6.0.19041.1110_none_60b5254171f9507e;C:\Program Files\Java\jdk-17.0.5\bin\server;C:\Program Files\JetBrains\IntelliJ IDEA Community Edition 2022.3.1\bin

VM Arguments:
jvm_args: -javaagent:C:\Program Files\JetBrains\IntelliJ IDEA Community Edition 2022.3.1\lib\idea_rt.jar=59436:C:\Program Files\JetBrains\IntelliJ IDEA Community Edition 2022.3.1\bin -Dfile.encoding=UTF-8 
java_command: com.myrestaurant.store.restaurantmicroservice.RestaurantMicroServiceApplication
java_class_path (initial): D:\NTTacademy\git_repository_course_final_part\EsercitazioneMicroServices\Esercizio9-CircuitBraker\RestaurantMicroService\target\classes;C:\Users\Jaco\.m2\repository\org\springframework\boot\spring-boot-starter-data-jpa\2.7.8\spring-boot-starter-data-jpa-2.7.8.jar;C:\Users\Jaco\.m2\repository\org\springframework\boot\spring-boot-starter-jdbc\2.7.8\spring-boot-starter-jdbc-2.7.8.jar;C:\Users\Jaco\.m2\repository\com\zaxxer\HikariCP\4.0.3\HikariCP-4.0.3.jar;C:\Users\Jaco\.m2\repository\org\springframework\spring-jdbc\5.3.25\spring-jdbc-5.3.25.jar;C:\Users\Jaco\.m2\repository\jakarta\transaction\jakarta.transaction-api\1.3.3\jakarta.transaction-api-1.3.3.jar;C:\Users\Jaco\.m2\repository\jakarta\persistence\jakarta.persistence-api\2.2.3\jakarta.persistence-api-2.2.3.jar;C:\Users\Jaco\.m2\repository\org\hibernate\hibernate-core\5.6.14.Final\hibernate-core-5.6.14.Final.jar;C:\Users\Jaco\.m2\repository\org\jboss\logging\jboss-logging\3.4.3.Final\jboss-logging-3.4.3.Final.jar;C:\Users\Jaco\.m2\repository\net\bytebuddy\byte-buddy\1.12.22\byte-buddy-1.12.22.jar;C:\Users\Jaco\.m2\repository\antlr\antlr\2.7.7\antlr-2.7.7.jar;C:\Users\Jaco\.m2\repository\org\jboss\jandex\2.4.2.Final\jandex-2.4.2.Final.jar;C:\Users\Jaco\.m2\repository\org\hibernate\common\hibernate-commons-annotations\5.1.2.Final\hibernate-commons-annotations-5.1.2.Final.jar;C:\Users\Jaco\.m2\repository\org\glassfish\jaxb\jaxb-runtime\2.3.7\jaxb-runtime-2.3.7.jar;C:\Users\Jaco\.m2\repository\org\glassfish\jaxb\txw2\2.3.7\txw2-2.3.7.jar;C:\Users\Jaco\.m2\repository\com\sun\istack\istack-commons-runtime\3.0.12\istack-commons-runtime-3.0.12.jar;C:\Users\Jaco\.m2\repository\com\sun\activation\jakarta.activation\1.2.2\jakarta.activation-1.2.2.jar;C:\Users\Jaco\.m2\repository\org\springframework\data\spring-data-jpa\2.7.7\spring-data-jpa-2.7.7.jar;C:\Users\Jaco\.m2\repository\org\springframework\data\spring-data-commons\2.7.7\spring-data-commons-2.7.7.jar;C:\Users\Jaco\.m2\repository\org\spr
Launcher Type: SUN_STANDARD

[Global flags]
     intx CICompilerCount                          = 3                                         {product} {ergonomic}
     uint ConcGCThreads                            = 1                                         {product} {ergonomic}
     uint G1ConcRefinementThreads                  = 4                                         {product} {ergonomic}
   size_t G1HeapRegionSize                         = 2097152                                   {product} {ergonomic}
    uintx GCDrainStackTargetSize                   = 64                                        {product} {ergonomic}
   size_t InitialHeapSize                          = 266338304                                 {product} {ergonomic}
   size_t MarkStackSize                            = 4194304                                   {product} {ergonomic}
   size_t MaxHeapSize                              = 4253024256                                {product} {ergonomic}
   size_t MaxNewSize                               = 2550136832                                {product} {ergonomic}
   size_t MinHeapDeltaBytes                        = 2097152                                   {product} {ergonomic}
   size_t MinHeapSize                              = 8388608                                   {product} {ergonomic}
    uintx NonNMethodCodeHeapSize                   = 5832780                                {pd product} {ergonomic}
    uintx NonProfiledCodeHeapSize                  = 122912730                              {pd product} {ergonomic}
    uintx ProfiledCodeHeapSize                     = 122912730                              {pd product} {ergonomic}
    uintx ReservedCodeCacheSize                    = 251658240                              {pd product} {ergonomic}
     bool SegmentedCodeCache                       = true                                      {product} {ergonomic}
   size_t SoftMaxHeapSize                          = 4253024256                             {manageable} {ergonomic}
     bool UseCompressedClassPointers               = true                           {product lp64_product} {ergonomic}
     bool UseCompressedOops                        = true                           {product lp64_product} {ergonomic}
     bool UseG1GC                                  = true                                      {product} {ergonomic}
     bool UseLargePagesIndividualAllocation        = false                                  {pd product} {ergonomic}

Logging:
Log output configuration:
 #0: stdout all=warning uptime,level,tags
 #1: stderr all=off uptime,level,tags

Environment Variables:
PATH=C:\Program Files\Common Files\Oracle\Java\javapath;C:\Program Files (x86)\Common Files\Oracle\Java\javapath;C:\Program Files (x86)\Intel\iCLS Client\;C:\Program Files\Intel\iCLS Client\;C:\Windows\system32;C:\Windows;C:\Windows\System32\Wbem;C:\Windows\System32\WindowsPowerShell\v1.0\;C:\Program Files (x86)\NVIDIA Corporation\PhysX\Common;C:\Program Files (x86)\Intel\Intel(R) Management Engine Components\DAL;C:\Program Files\Intel\Intel(R) Management Engine Components\DAL;C:\Program Files (x86)\Intel\Intel(R) Management Engine Components\IPT;C:\Program Files\Intel\Intel(R) Management Engine Components\IPT;C:\WINDOWS\system32;C:\WINDOWS;C:\WINDOWS\System32\Wbem;C:\WINDOWS\System32\WindowsPowerShell\v1.0\;C:\WINDOWS\System32\OpenSSH\;C:\Program Files\Intel\WiFi\bin\;C:\Program Files\Common Files\Intel\WirelessCommon\;C:\Program Files\NVIDIA Corporation\NVIDIA NvDLISR;C:\WINDOWS\system32;C:\WINDOWS;C:\WINDOWS\System32\Wbem;C:\WINDOWS\System32\WindowsPowerShell\v1.0\;C:\WINDOWS\System32\OpenSSH\;C:\Program Files\Docker\Docker\resources\bin;C:\Users\Jaco\AppData\Local\Microsoft\WindowsApps;D:\visualStudio_directory\Microsoft VS Code\bin;C:\Program Files\JetBrains\IntelliJ IDEA 2022.3.1\bin;;C:\Program Files\JetBrains\IntelliJ IDEA Community Edition 2022.3.1\bin;;C:\Users\Jaco\AppData\Local\GitHubDesktop\bin
USERNAME=Jaco
OS=Windows_NT
PROCESSOR_IDENTIFIER=Intel64 Family 6 Model 78 Stepping 3, GenuineIntel



---------------  S Y S T E M  ---------------

OS:
 Windows 10 , 64 bit Build 19041 (10.0.19041.2364)
OS uptime: 0 days 7:36 hours
Hyper-V role detected

CPU: total 4 (initial active 4) (2 cores per cpu, 2 threads per core) family 6 model 78 stepping 3 microcode 0xcc, cx8, cmov, fxsr, ht, mmx, 3dnowpref, sse, sse2, sse3, ssse3, sse4.1, sse4.2, popcnt, lzcnt, tsc, tscinvbit, avx, avx2, aes, erms, clmul, bmi1, bmi2, adx, fma, vzeroupper, clflush, clflushopt, hv

Memory: 4k page, system-wide physical 16217M (3230M free)
TotalPageFile size 22889M (AvailPageFile size 4M)
current process WorkingSet (physical memory assigned to process): 85M, peak: 85M
current process commit charge ("private bytes"): 363M, peak: 365M

vm_info: Java HotSpot(TM) 64-Bit Server VM (17.0.5+9-LTS-191) for windows-amd64 JRE (17.0.5+9-LTS-191), built on Sep 13 2022 17:31:43 by "mach5one" with MS VC++ 16.8 / 16.9 (VS2019)

END.
